{"D:\\Programming\\microverse\\module II\\todo-list-application\\src\\modules\\Todo.js": {"path":"D:\\Programming\\microverse\\module II\\todo-list-application\\src\\modules\\Todo.js","statementMap":{"0":{"start":{"line":3,"column":4},"end":{"line":3,"column":40}},"1":{"start":{"line":4,"column":4},"end":{"line":4,"column":27}},"2":{"start":{"line":5,"column":4},"end":{"line":5,"column":28}}},"fnMap":{"0":{"name":"(anonymous_0)","decl":{"start":{"line":2,"column":2},"end":{"line":2,"column":3}},"loc":{"start":{"line":2,"column":20},"end":{"line":6,"column":3}},"line":2}},"branchMap":{},"s":{"0":1,"1":1,"2":1},"f":{"0":1},"b":{},"_coverageSchema":"1a1c01bbd47fc00a2c39e90264f33305004495a9","hash":"2107e39ea86d75833dd7a30c33fe4f0ffd2c0f52"}
,"D:\\Programming\\microverse\\module II\\todo-list-application\\src\\modules\\TodoCollection.js": {"path":"D:\\Programming\\microverse\\module II\\todo-list-application\\src\\modules\\TodoCollection.js","statementMap":{"0":{"start":{"line":6,"column":4},"end":{"line":6,"column":23}},"1":{"start":{"line":10,"column":18},"end":{"line":10,"column":39}},"2":{"start":{"line":11,"column":17},"end":{"line":11,"column":49}},"3":{"start":{"line":12,"column":4},"end":{"line":12,"column":26}},"4":{"start":{"line":13,"column":4},"end":{"line":13,"column":39}},"5":{"start":{"line":14,"column":4},"end":{"line":14,"column":22}},"6":{"start":{"line":18,"column":4},"end":{"line":18,"column":62}},"7":{"start":{"line":18,"column":40},"end":{"line":18,"column":60}},"8":{"start":{"line":19,"column":4},"end":{"line":19,"column":22}},"9":{"start":{"line":23,"column":4},"end":{"line":23,"column":23}},"10":{"start":{"line":24,"column":4},"end":{"line":24,"column":62}},"11":{"start":{"line":28,"column":4},"end":{"line":30,"column":7}},"12":{"start":{"line":29,"column":6},"end":{"line":29,"column":29}},"13":{"start":{"line":31,"column":4},"end":{"line":31,"column":39}},"14":{"start":{"line":35,"column":4},"end":{"line":35,"column":23}},"15":{"start":{"line":36,"column":4},"end":{"line":36,"column":70}},"16":{"start":{"line":36,"column":45},"end":{"line":36,"column":68}},"17":{"start":{"line":37,"column":4},"end":{"line":37,"column":39}},"18":{"start":{"line":38,"column":4},"end":{"line":38,"column":22}},"19":{"start":{"line":42,"column":4},"end":{"line":42,"column":23}},"20":{"start":{"line":43,"column":4},"end":{"line":49,"column":5}},"21":{"start":{"line":43,"column":17},"end":{"line":43,"column":18}},"22":{"start":{"line":44,"column":6},"end":{"line":48,"column":7}},"23":{"start":{"line":45,"column":8},"end":{"line":45,"column":59}},"24":{"start":{"line":46,"column":8},"end":{"line":46,"column":43}},"25":{"start":{"line":47,"column":8},"end":{"line":47,"column":14}},"26":{"start":{"line":53,"column":4},"end":{"line":53,"column":23}},"27":{"start":{"line":54,"column":4},"end":{"line":60,"column":5}},"28":{"start":{"line":54,"column":17},"end":{"line":54,"column":18}},"29":{"start":{"line":55,"column":6},"end":{"line":59,"column":7}},"30":{"start":{"line":56,"column":8},"end":{"line":56,"column":48}},"31":{"start":{"line":57,"column":8},"end":{"line":57,"column":43}},"32":{"start":{"line":58,"column":8},"end":{"line":58,"column":14}},"33":{"start":{"line":61,"column":4},"end":{"line":61,"column":22}},"34":{"start":{"line":65,"column":23},"end":{"line":65,"column":75}}},"fnMap":{"0":{"name":"(anonymous_0)","decl":{"start":{"line":5,"column":2},"end":{"line":5,"column":3}},"loc":{"start":{"line":5,"column":21},"end":{"line":7,"column":3}},"line":5},"1":{"name":"(anonymous_1)","decl":{"start":{"line":9,"column":2},"end":{"line":9,"column":3}},"loc":{"start":{"line":9,"column":23},"end":{"line":15,"column":3}},"line":9},"2":{"name":"(anonymous_2)","decl":{"start":{"line":17,"column":2},"end":{"line":17,"column":3}},"loc":{"start":{"line":17,"column":27},"end":{"line":20,"column":3}},"line":17},"3":{"name":"(anonymous_3)","decl":{"start":{"line":18,"column":30},"end":{"line":18,"column":31}},"loc":{"start":{"line":18,"column":40},"end":{"line":18,"column":60}},"line":18},"4":{"name":"(anonymous_4)","decl":{"start":{"line":22,"column":2},"end":{"line":22,"column":3}},"loc":{"start":{"line":22,"column":27},"end":{"line":25,"column":3}},"line":22},"5":{"name":"(anonymous_5)","decl":{"start":{"line":27,"column":2},"end":{"line":27,"column":3}},"loc":{"start":{"line":27,"column":15},"end":{"line":32,"column":3}},"line":27},"6":{"name":"(anonymous_6)","decl":{"start":{"line":28,"column":23},"end":{"line":28,"column":24}},"loc":{"start":{"line":28,"column":40},"end":{"line":30,"column":5}},"line":28},"7":{"name":"(anonymous_7)","decl":{"start":{"line":34,"column":2},"end":{"line":34,"column":3}},"loc":{"start":{"line":34,"column":24},"end":{"line":39,"column":3}},"line":34},"8":{"name":"(anonymous_8)","decl":{"start":{"line":36,"column":35},"end":{"line":36,"column":36}},"loc":{"start":{"line":36,"column":45},"end":{"line":36,"column":68}},"line":36},"9":{"name":"(anonymous_9)","decl":{"start":{"line":41,"column":2},"end":{"line":41,"column":3}},"loc":{"start":{"line":41,"column":32},"end":{"line":50,"column":3}},"line":41},"10":{"name":"(anonymous_10)","decl":{"start":{"line":52,"column":2},"end":{"line":52,"column":3}},"loc":{"start":{"line":52,"column":47},"end":{"line":62,"column":3}},"line":52}},"branchMap":{"0":{"loc":{"start":{"line":44,"column":6},"end":{"line":48,"column":7}},"type":"if","locations":[{"start":{"line":44,"column":6},"end":{"line":48,"column":7}},{"start":{},"end":{}}],"line":44},"1":{"loc":{"start":{"line":55,"column":6},"end":{"line":59,"column":7}},"type":"if","locations":[{"start":{"line":55,"column":6},"end":{"line":59,"column":7}},{"start":{},"end":{}}],"line":55}},"s":{"0":2,"1":1,"2":1,"3":1,"4":1,"5":1,"6":1,"7":4,"8":1,"9":6,"10":6,"11":2,"12":5,"13":2,"14":1,"15":1,"16":4,"17":1,"18":1,"19":1,"20":1,"21":1,"22":1,"23":1,"24":1,"25":1,"26":1,"27":1,"28":1,"29":1,"30":1,"31":1,"32":1,"33":1,"34":2},"f":{"0":2,"1":1,"2":1,"3":4,"4":6,"5":2,"6":5,"7":1,"8":4,"9":1,"10":1},"b":{"0":[1,0],"1":[1,0]},"_coverageSchema":"1a1c01bbd47fc00a2c39e90264f33305004495a9","hash":"2a1964aa28ea45f953cafd02c5cb469347926498"}
,"D:\\Programming\\microverse\\module II\\todo-list-application\\src\\modules\\addTodo.js": {"path":"D:\\Programming\\microverse\\module II\\todo-list-application\\src\\modules\\addTodo.js","statementMap":{"0":{"start":{"line":3,"column":16},"end":{"line":3,"column":68}},"1":{"start":{"line":3,"column":33},"end":{"line":3,"column":68}}},"fnMap":{"0":{"name":"(anonymous_0)","decl":{"start":{"line":3,"column":16},"end":{"line":3,"column":17}},"loc":{"start":{"line":3,"column":33},"end":{"line":3,"column":68}},"line":3}},"branchMap":{},"s":{"0":1,"1":1},"f":{"0":1},"b":{},"_coverageSchema":"1a1c01bbd47fc00a2c39e90264f33305004495a9","hash":"7acf4acba40c3226e069f44282a301fa69eacbb4"}
,"D:\\Programming\\microverse\\module II\\todo-list-application\\src\\modules\\clearCompleted.js": {"path":"D:\\Programming\\microverse\\module II\\todo-list-application\\src\\modules\\clearCompleted.js","statementMap":{"0":{"start":{"line":4,"column":23},"end":{"line":4,"column":101}},"1":{"start":{"line":4,"column":42},"end":{"line":4,"column":101}}},"fnMap":{"0":{"name":"(anonymous_0)","decl":{"start":{"line":4,"column":23},"end":{"line":4,"column":24}},"loc":{"start":{"line":4,"column":42},"end":{"line":4,"column":101}},"line":4}},"branchMap":{"0":{"loc":{"start":{"line":4,"column":24},"end":{"line":4,"column":37}},"type":"default-arg","locations":[{"start":{"line":4,"column":30},"end":{"line":4,"column":37}}],"line":4}},"s":{"0":1,"1":1},"f":{"0":1},"b":{"0":[1]},"_coverageSchema":"1a1c01bbd47fc00a2c39e90264f33305004495a9","hash":"56210f22ad3e8f2ba9153664898d5de1cfd1130e"}
,"D:\\Programming\\microverse\\module II\\todo-list-application\\src\\modules\\local-storage.js": {"path":"D:\\Programming\\microverse\\module II\\todo-list-application\\src\\modules\\local-storage.js","statementMap":{"0":{"start":{"line":1,"column":32},"end":{"line":8,"column":1}},"1":{"start":{"line":2,"column":13},"end":{"line":2,"column":38}},"2":{"start":{"line":3,"column":2},"end":{"line":6,"column":3}},"3":{"start":{"line":4,"column":4},"end":{"line":4,"column":28}},"4":{"start":{"line":5,"column":4},"end":{"line":5,"column":16}},"5":{"start":{"line":7,"column":2},"end":{"line":7,"column":12}},"6":{"start":{"line":10,"column":24},"end":{"line":12,"column":1}},"7":{"start":{"line":11,"column":2},"end":{"line":11,"column":51}}},"fnMap":{"0":{"name":"(anonymous_0)","decl":{"start":{"line":1,"column":32},"end":{"line":1,"column":33}},"loc":{"start":{"line":1,"column":41},"end":{"line":8,"column":1}},"line":1},"1":{"name":"(anonymous_1)","decl":{"start":{"line":10,"column":24},"end":{"line":10,"column":25}},"loc":{"start":{"line":10,"column":40},"end":{"line":12,"column":1}},"line":10}},"branchMap":{"0":{"loc":{"start":{"line":3,"column":2},"end":{"line":6,"column":3}},"type":"if","locations":[{"start":{"line":3,"column":2},"end":{"line":6,"column":3}},{"start":{},"end":{}}],"line":3}},"s":{"0":2,"1":8,"2":8,"3":6,"4":6,"5":2,"6":2,"7":2},"f":{"0":8,"1":2},"b":{"0":[6,2]},"_coverageSchema":"1a1c01bbd47fc00a2c39e90264f33305004495a9","hash":"3f82c03a60052bd80fbd90b8e32026051fae06d4"}
,"D:\\Programming\\microverse\\module II\\todo-list-application\\src\\modules\\markAsCompleted.js": {"path":"D:\\Programming\\microverse\\module II\\todo-list-application\\src\\modules\\markAsCompleted.js","statementMap":{"0":{"start":{"line":4,"column":24},"end":{"line":6,"column":1}},"1":{"start":{"line":5,"column":2},"end":{"line":5,"column":70}}},"fnMap":{"0":{"name":"(anonymous_0)","decl":{"start":{"line":4,"column":24},"end":{"line":4,"column":25}},"loc":{"start":{"line":4,"column":50},"end":{"line":6,"column":1}},"line":4}},"branchMap":{"0":{"loc":{"start":{"line":4,"column":32},"end":{"line":4,"column":45}},"type":"default-arg","locations":[{"start":{"line":4,"column":38},"end":{"line":4,"column":45}}],"line":4}},"s":{"0":1,"1":1},"f":{"0":1},"b":{"0":[1]},"_coverageSchema":"1a1c01bbd47fc00a2c39e90264f33305004495a9","hash":"a2890759189fa0f61b0c29a23834dbff21a655ed"}
,"D:\\Programming\\microverse\\module II\\todo-list-application\\src\\modules\\removeTodo.js": {"path":"D:\\Programming\\microverse\\module II\\todo-list-application\\src\\modules\\removeTodo.js","statementMap":{"0":{"start":{"line":4,"column":19},"end":{"line":6,"column":1}},"1":{"start":{"line":5,"column":2},"end":{"line":5,"column":65}}},"fnMap":{"0":{"name":"(anonymous_0)","decl":{"start":{"line":4,"column":19},"end":{"line":4,"column":20}},"loc":{"start":{"line":4,"column":45},"end":{"line":6,"column":1}},"line":4}},"branchMap":{"0":{"loc":{"start":{"line":4,"column":27},"end":{"line":4,"column":40}},"type":"default-arg","locations":[{"start":{"line":4,"column":33},"end":{"line":4,"column":40}}],"line":4}},"s":{"0":1,"1":1},"f":{"0":1},"b":{"0":[1]},"_coverageSchema":"1a1c01bbd47fc00a2c39e90264f33305004495a9","hash":"d2fb02f88e5379a1c5d33ec733a7fe9a72c32cc2"}
,"D:\\Programming\\microverse\\module II\\todo-list-application\\src\\modules\\updateTodo.js": {"path":"D:\\Programming\\microverse\\module II\\todo-list-application\\src\\modules\\updateTodo.js","statementMap":{"0":{"start":{"line":4,"column":20},"end":{"line":6,"column":1}},"1":{"start":{"line":5,"column":2},"end":{"line":5,"column":84}}},"fnMap":{"0":{"name":"(anonymous_0)","decl":{"start":{"line":4,"column":20},"end":{"line":4,"column":21}},"loc":{"start":{"line":5,"column":2},"end":{"line":5,"column":84}},"line":5}},"branchMap":{"0":{"loc":{"start":{"line":4,"column":41},"end":{"line":4,"column":54}},"type":"default-arg","locations":[{"start":{"line":4,"column":47},"end":{"line":4,"column":54}}],"line":4}},"s":{"0":1,"1":1},"f":{"0":1},"b":{"0":[1]},"_coverageSchema":"1a1c01bbd47fc00a2c39e90264f33305004495a9","hash":"699c7468bcc2a3acc014ca830f8729abb9346e6c"}
}
